<?xml version="1.0" encoding="UTF-8"?>
<!-- Generated by org.testng.reporters.JUnitXMLReporter -->
<testsuite hostname="Abuls-MBP-2.home" ignored="0" name="Command line test" tests="3" failures="0" timestamp="03 Jul 2020 21:30:51 GMT" time="0.037" errors="0">
  <testcase name="test1" time="0.007" classname="com.amazon.qa.testcases.HomePageTest"/>
  <testcase name="test2" time="0.0" classname="com.amazon.qa.testcases.LoginPageTest"/>
  <testcase name="test3" time="0.0" classname="com.amazon.qa.testcases.SearchPageTest"/>
</testsuite> <!-- Command line test -->
