<?xml version="1.0" encoding="UTF-8"?>
<testng-results skipped="0" failed="0" ignored="0" total="3" passed="3">
  <reporter-output>
  </reporter-output>
  <suite name="Suite" duration-ms="45" started-at="2020-07-03T21:33:52Z" finished-at="2020-07-03T21:33:52Z">
    <groups>
    </groups>
    <test name="Test" duration-ms="45" started-at="2020-07-03T21:33:52Z" finished-at="2020-07-03T21:33:52Z">
      <class name="com.amazon.qa.testcases.HomePageTest">
        <test-method status="PASS" signature="test1()[pri:0, instance:com.amazon.qa.testcases.HomePageTest@c038203]" name="test1" duration-ms="1" started-at="2020-07-03T21:33:52Z" finished-at="2020-07-03T21:33:52Z">
          <reporter-output>
          </reporter-output>
        </test-method> <!-- test1 -->
      </class> <!-- com.amazon.qa.testcases.HomePageTest -->
      <class name="com.amazon.qa.testcases.SearchPageTest">
        <test-method status="PASS" signature="test3()[pri:0, instance:com.amazon.qa.testcases.SearchPageTest@6767c1fc]" name="test3" duration-ms="12" started-at="2020-07-03T21:33:52Z" finished-at="2020-07-03T21:33:52Z">
          <reporter-output>
          </reporter-output>
        </test-method> <!-- test3 -->
      </class> <!-- com.amazon.qa.testcases.SearchPageTest -->
      <class name="com.amazon.qa.testcases.LoginPageTest">
        <test-method status="PASS" signature="test2()[pri:0, instance:com.amazon.qa.testcases.LoginPageTest@29ee9faa]" name="test2" duration-ms="2" started-at="2020-07-03T21:33:52Z" finished-at="2020-07-03T21:33:52Z">
          <reporter-output>
          </reporter-output>
        </test-method> <!-- test2 -->
      </class> <!-- com.amazon.qa.testcases.LoginPageTest -->
    </test> <!-- Test -->
  </suite> <!-- Suite -->
</testng-results>
